#
# There is insufficient memory for the Java Runtime Environment to continue.
# Native memory allocation (malloc) failed to allocate 1048576 bytes for AllocateHeap
# Possible reasons:
#   The system is out of physical RAM or swap space
#   In 32 bit mode, the process size limit was hit
# Possible solutions:
#   Reduce memory load on the system
#   Increase physical memory or swap space
#   Check if swap backing store is full
#   Use 64 bit Java on a 64 bit OS
#   Decrease Java heap size (-Xmx/-Xms)
#   Decrease number of Java threads
#   Decrease Java thread stack sizes (-Xss)
#   Set larger code cache with -XX:ReservedCodeCacheSize=
# This output file may be truncated or incomplete.
#
#  Out of Memory Error (memory/allocation.inline.hpp:62), pid=16352, tid=12412
#
# JRE version:  (8.0_31-b13) (build )
# Java VM: Java HotSpot(TM) 64-Bit Server VM (25.31-b07 mixed mode windows-amd64 compressed oops)
# Failed to write core dump. Minidumps are not enabled by default on client versions of Windows
#

---------------  T H R E A D  ---------------

Current thread (0x0000000002fc2800):  JavaThread "Unknown thread" [_thread_in_vm, id=12412, stack(0x0000000002df0000,0x0000000002ef0000)]

Stack: [0x0000000002df0000,0x0000000002ef0000]
Native frames: (J=compiled Java code, j=interpreted, Vv=VM code, C=native code)
V  [jvm.dll+0x3169ba]
V  [jvm.dll+0x2674c3]
V  [jvm.dll+0x268103]
V  [jvm.dll+0x25f8f5]
V  [jvm.dll+0x3df90f]
V  [jvm.dll+0x3e044f]
V  [jvm.dll+0x3e0564]
V  [jvm.dll+0x3e0733]
V  [jvm.dll+0xe54d2]
V  [jvm.dll+0x1fa089]
V  [jvm.dll+0x22b694]
V  [jvm.dll+0x14d8c1]
C  [java.exe+0x20b6]
C  [java.exe+0xc9bb]
C  [java.exe+0xca4f]
C  [KERNEL32.DLL+0x12d92]
C  [ntdll.dll+0x9f64]


---------------  P R O C E S S  ---------------

Java Threads: ( => current thread )

Other Threads:

=>0x0000000002fc2800 (exited) JavaThread "Unknown thread" [_thread_in_vm, id=12412, stack(0x0000000002df0000,0x0000000002ef0000)]

VM state:not at safepoint (normal execution)

VM Mutex/Monitor currently owned by a thread: None

Heap:
 PSYoungGen      total 38400K, used 665K [0x00000000eab00000, 0x00000000ed580000, 0x0000000100000000)
  eden space 33280K, 2% used [0x00000000eab00000,0x00000000eaba6670,0x00000000ecb80000)
  from space 5120K, 0% used [0x00000000ed080000,0x00000000ed080000,0x00000000ed580000)
  to   space 5120K, 0% used [0x00000000ecb80000,0x00000000ecb80000,0x00000000ed080000)
 ParOldGen       total 87552K, used 0K [0x00000000c0000000, 0x00000000c5580000, 0x00000000eab00000)
  object space 87552K, 0% used [0x00000000c0000000,0x00000000c0000000,0x00000000c5580000)
 Metaspace       used 677K, capacity 4480K, committed 4480K, reserved 1056768K
  class space    used 67K, capacity 384K, committed 384K, reserved 1048576K

Card table byte_map: [0x0000000012480000,0x0000000012690000] byte_map_base: 0x0000000011e80000

Marking Bits: (ParMarkBitMap*) 0x000000006af6d4f0
 Begin Bits: [0x0000000012bf0000, 0x0000000013bf0000)
 End Bits:   [0x0000000013bf0000, 0x0000000014bf0000)

Polling page: 0x0000000001240000

CodeCache: size=245760Kb used=327Kb max_used=327Kb free=245432Kb
 bounds [0x00000000030c0000, 0x0000000003330000, 0x00000000120c0000]
 total_blobs=56 nmethods=0 adapters=37
 compilation: enabled

Compilation events (0 events):
No events

GC Heap History (0 events):
No events

Deoptimization events (0 events):
No events

Internal exceptions (0 events):
No events

Events (10 events):
Event: 0.032 loading class java/lang/Short
Event: 0.032 loading class java/lang/Short done
Event: 0.032 loading class java/lang/Integer
Event: 0.032 loading class java/lang/Integer done
Event: 0.032 loading class java/lang/Long
Event: 0.032 loading class java/lang/Long done
Event: 0.032 loading class java/lang/NullPointerException
Event: 0.032 loading class java/lang/NullPointerException done
Event: 0.032 loading class java/lang/ArithmeticException
Event: 0.032 loading class java/lang/ArithmeticException done


Dynamic libraries:
0x00007ff6690c0000 - 0x00007ff6690f4000 	C:\Program Files\Java\jdk1.8.0_31\bin\java.exe
0x00007ffead330000 - 0x00007ffead4f1000 	C:\WINDOWS\SYSTEM32\ntdll.dll
0x00007ffeacd60000 - 0x00007ffeace0d000 	C:\WINDOWS\system32\KERNEL32.DLL
0x00007ffeaa820000 - 0x00007ffeaa9fd000 	C:\WINDOWS\system32\KERNELBASE.dll
0x00007ffeaadd0000 - 0x00007ffeaae76000 	C:\WINDOWS\system32\ADVAPI32.dll
0x00007ffeac5f0000 - 0x00007ffeac68d000 	C:\WINDOWS\system32\msvcrt.dll
0x00007ffeac960000 - 0x00007ffeac9bb000 	C:\WINDOWS\system32\sechost.dll
0x00007ffeaaa00000 - 0x00007ffeaab26000 	C:\WINDOWS\system32\RPCRT4.dll
0x00007ffeaac80000 - 0x00007ffeaadce000 	C:\WINDOWS\system32\USER32.dll
0x00007ffeac690000 - 0x00007ffeac816000 	C:\WINDOWS\system32\GDI32.dll
0x00007ffe9ae30000 - 0x00007ffe9b0a4000 	C:\WINDOWS\WinSxS\amd64_microsoft.windows.common-controls_6595b64144ccf1df_6.0.10240.16384_none_f41f7b285750ef43\COMCTL32.dll
0x00007ffead1b0000 - 0x00007ffead1e6000 	C:\WINDOWS\system32\IMM32.DLL
0x00007ffeac9c0000 - 0x00007ffeacb1c000 	C:\WINDOWS\system32\MSCTF.dll
0x000000006a600000 - 0x000000006a6d2000 	C:\Program Files\Java\jdk1.8.0_31\jre\bin\msvcr100.dll
0x000000006a790000 - 0x000000006afea000 	C:\Program Files\Java\jdk1.8.0_31\jre\bin\server\jvm.dll
0x00007ffeacd50000 - 0x00007ffeacd58000 	C:\WINDOWS\system32\PSAPI.DLL
0x00007ffea7ee0000 - 0x00007ffea7f03000 	C:\WINDOWS\SYSTEM32\WINMM.dll
0x00007ffea1c30000 - 0x00007ffea1c39000 	C:\WINDOWS\SYSTEM32\WSOCK32.dll
0x00007ffead1f0000 - 0x00007ffead259000 	C:\WINDOWS\system32\WS2_32.dll
0x00007ffea7e80000 - 0x00007ffea7eac000 	C:\WINDOWS\SYSTEM32\WINMMBASE.dll
0x00007ffead320000 - 0x00007ffead328000 	C:\WINDOWS\system32\NSI.dll
0x00007ffeaa6c0000 - 0x00007ffeaa704000 	C:\WINDOWS\system32\cfgmgr32.dll
0x00007ffea86d0000 - 0x00007ffea86f7000 	C:\WINDOWS\SYSTEM32\DEVOBJ.dll
0x000000006b6c0000 - 0x000000006b6cf000 	C:\Program Files\Java\jdk1.8.0_31\jre\bin\verify.dll
0x000000006b690000 - 0x000000006b6b8000 	C:\Program Files\Java\jdk1.8.0_31\jre\bin\java.dll
0x000000006b670000 - 0x000000006b686000 	C:\Program Files\Java\jdk1.8.0_31\jre\bin\zip.dll
0x00007ffe7b7a0000 - 0x00007ffe7b92a000 	C:\WINDOWS\SYSTEM32\dbghelp.dll

VM Arguments:
jvm_args: -Xmx1024M -Dfile.encoding=windows-1252 -Duser.country=US -Duser.language=en -Duser.variant 
java_command: com.android.dx.command.Main --dex --output C:\Users\Dan\AndroidStudioProjects\BeerPOS\app\build\intermediates\dex\debug C:\Users\Dan\AndroidStudioProjects\BeerPOS\app\build\intermediates\classes\debug
java_class_path (initial): C:\Users\Dan\AppData\Local\Android\sdk\build-tools\21.1.2\lib\dx.jar
Launcher Type: SUN_STANDARD

Environment Variables:
JAVA_HOME=C:\Program Files\Java\jdk1.8.0_31
PATH=C:\ProgramData\Oracle\Java\javapath;C:\Program Files (x86)\Intel\iCLS Client\;C:\Program Files\Intel\iCLS Client\;C:\WINDOWS\system32;C:\WINDOWS;C:\WINDOWS\System32\Wbem;C:\WINDOWS\System32\WindowsPowerShell\v1.0\;C:\ProgramData\Lenovo\ReadyApps;c:\altera\91sp2\quartus\bin;C:\Program Files (x86)\MATLAB\R2013a Student\bin;C:\Program Files\Microsoft SQL Server\110\Tools\Binn\;C:\Program Files\Intel\WiFi\bin\;C:\Program Files\Common Files\Intel\WirelessCommon\;C:\Program Files (x86)\Intel\Intel(R) Management Engine Components\DAL;C:\Program Files\Intel\Intel(R) Management Engine Components\DAL;C:\Program Files (x86)\Intel\Intel(R) Management Engine Components\IPT;C:\Program Files\Intel\Intel(R) Management Engine Components\IPT;C:\Program Files (x86)\Calibre2\;C:\Program Files\Intel\WiFi\bin\;C:\Program Files\Common Files\Intel\WirelessCommon\
USERNAME=Dan
OS=Windows_NT
PROCESSOR_IDENTIFIER=Intel64 Family 6 Model 60 Stepping 3, GenuineIntel



---------------  S Y S T E M  ---------------

OS: Windows 8.1 , 64 bit Build 9600 

CPU:total 4 (2 cores per cpu, 2 threads per core) family 6 model 60 stepping 3, cmov, cx8, fxsr, mmx, sse, sse2, sse3, ssse3, sse4.1, sse4.2, popcnt, avx, avx2, aes, clmul, erms, lzcnt, ht, tsc, tscinvbit, bmi1, bmi2

Memory: 4k page, physical 8263208k(1177616k free), swap 9311784k(5340k free)

vm_info: Java HotSpot(TM) 64-Bit Server VM (25.31-b07) for windows-amd64 JRE (1.8.0_31-b13), built on Dec 17 2014 21:00:28 by "java_re" with MS VC++ 10.0 (VS2010)

time: Sat Oct 24 13:40:09 2015
elapsed time: 0 seconds (0d 0h 0m 0s)

